<?xml version="1.0" encoding="UTF-8"?>
<coverage generated="1779042911096" clover="3.2.0">
  <project timestamp="1779042911096" name="All files">
    <metrics statements="39" coveredstatements="36" conditionals="8" coveredconditionals="8" methods="17" coveredmethods="14" elements="64" coveredelements="58" complexity="0" loc="39" ncloc="39" packages="5" files="17" classes="17"/>
    <package name="event-sourcerer.src">
      <metrics statements="10" coveredstatements="7" conditionals="1" coveredconditionals="1" methods="6" coveredmethods="3"/>
      <file name="EventSourcerer.class.ts" path="D:\Development\Repos\event-sourcerer\packages\lib\event-sourcerer\src\EventSourcerer.class.ts">
        <metrics statements="10" coveredstatements="7" conditionals="1" coveredconditionals="1" methods="6" coveredmethods="3"/>
        <line num="5" count="1" type="cond" truecount="1" falsecount="0"/>
        <line num="6" count="1" type="stmt"/>
        <line num="7" count="1" type="stmt"/>
        <line num="8" count="1" type="stmt"/>
        <line num="9" count="1" type="stmt"/>
        <line num="13" count="2" type="stmt"/>
        <line num="17" count="2" type="stmt"/>
        <line num="22" count="0" type="stmt"/>
        <line num="27" count="0" type="stmt"/>
        <line num="32" count="0" type="stmt"/>
      </file>
      <file name="index.ts" path="D:\Development\Repos\event-sourcerer\packages\lib\event-sourcerer\src\index.ts">
        <metrics statements="0" coveredstatements="0" conditionals="0" coveredconditionals="0" methods="0" coveredmethods="0"/>
      </file>
    </package>
    <package name="event-sourcerer.src.errors">
      <metrics statements="0" coveredstatements="0" conditionals="0" coveredconditionals="0" methods="0" coveredmethods="0"/>
      <file name="EventSourcererError.error.ts" path="D:\Development\Repos\event-sourcerer\packages\lib\event-sourcerer\src\errors\EventSourcererError.error.ts">
        <metrics statements="0" coveredstatements="0" conditionals="0" coveredconditionals="0" methods="0" coveredmethods="0"/>
      </file>
      <file name="EventSourcererErrorEventAlreadyExists.error.ts" path="D:\Development\Repos\event-sourcerer\packages\lib\event-sourcerer\src\errors\EventSourcererErrorEventAlreadyExists.error.ts">
        <metrics statements="0" coveredstatements="0" conditionals="0" coveredconditionals="0" methods="0" coveredmethods="0"/>
      </file>
      <file name="EventSourcererErrorEventNotFound.error.ts" path="D:\Development\Repos\event-sourcerer\packages\lib\event-sourcerer\src\errors\EventSourcererErrorEventNotFound.error.ts">
        <metrics statements="0" coveredstatements="0" conditionals="0" coveredconditionals="0" methods="0" coveredmethods="0"/>
      </file>
      <file name="EventSourcererErrorNotFound.error.ts" path="D:\Development\Repos\event-sourcerer\packages\lib\event-sourcerer\src\errors\EventSourcererErrorNotFound.error.ts">
        <metrics statements="0" coveredstatements="0" conditionals="0" coveredconditionals="0" methods="0" coveredmethods="0"/>
      </file>
      <file name="index.ts" path="D:\Development\Repos\event-sourcerer\packages\lib\event-sourcerer\src\errors\index.ts">
        <metrics statements="0" coveredstatements="0" conditionals="0" coveredconditionals="0" methods="0" coveredmethods="0"/>
      </file>
    </package>
    <package name="event-sourcerer.src.types">
      <metrics statements="5" coveredstatements="5" conditionals="0" coveredconditionals="0" methods="2" coveredmethods="2"/>
      <file name="Event.type.ts" path="D:\Development\Repos\event-sourcerer\packages\lib\event-sourcerer\src\types\Event.type.ts">
        <metrics statements="0" coveredstatements="0" conditionals="0" coveredconditionals="0" methods="0" coveredmethods="0"/>
      </file>
      <file name="EventChain.abstract.ts" path="D:\Development\Repos\event-sourcerer\packages\lib\event-sourcerer\src\types\EventChain.abstract.ts">
        <metrics statements="5" coveredstatements="5" conditionals="0" coveredconditionals="0" methods="2" coveredmethods="2"/>
        <line num="6" count="1" type="stmt"/>
        <line num="7" count="1" type="stmt"/>
        <line num="8" count="1" type="stmt"/>
        <line num="16" count="1" type="stmt"/>
        <line num="17" count="2" type="stmt"/>
      </file>
      <file name="EventType.type.ts" path="D:\Development\Repos\event-sourcerer\packages\lib\event-sourcerer\src\types\EventType.type.ts">
        <metrics statements="0" coveredstatements="0" conditionals="0" coveredconditionals="0" methods="0" coveredmethods="0"/>
      </file>
      <file name="EventTypeStore.abstract.ts" path="D:\Development\Repos\event-sourcerer\packages\lib\event-sourcerer\src\types\EventTypeStore.abstract.ts">
        <metrics statements="0" coveredstatements="0" conditionals="0" coveredconditionals="0" methods="0" coveredmethods="0"/>
      </file>
      <file name="index.ts" path="D:\Development\Repos\event-sourcerer\packages\lib\event-sourcerer\src\types\index.ts">
        <metrics statements="0" coveredstatements="0" conditionals="0" coveredconditionals="0" methods="0" coveredmethods="0"/>
      </file>
    </package>
    <package name="event-sourcerer.src.types.implementation">
      <metrics statements="14" coveredstatements="14" conditionals="6" coveredconditionals="6" methods="6" coveredmethods="6"/>
      <file name="EventChainInMemory.class.ts" path="D:\Development\Repos\event-sourcerer\packages\lib\event-sourcerer\src\types\implementation\EventChainInMemory.class.ts">
        <metrics statements="3" coveredstatements="3" conditionals="0" coveredconditionals="0" methods="2" coveredmethods="2"/>
        <line num="5" count="1" type="stmt"/>
        <line num="8" count="2" type="stmt"/>
        <line num="12" count="2" type="stmt"/>
      </file>
      <file name="EventTypeStoreInMemory.class.ts" path="D:\Development\Repos\event-sourcerer\packages\lib\event-sourcerer\src\types\implementation\EventTypeStoreInMemory.class.ts">
        <metrics statements="11" coveredstatements="11" conditionals="6" coveredconditionals="6" methods="4" coveredmethods="4"/>
        <line num="6" count="2" type="stmt"/>
        <line num="9" count="4" type="cond" truecount="2" falsecount="0"/>
        <line num="10" count="2" type="stmt"/>
        <line num="12" count="2" type="stmt"/>
        <line num="15" count="1" type="stmt"/>
        <line num="19" count="2" type="cond" truecount="2" falsecount="0"/>
        <line num="20" count="1" type="stmt"/>
        <line num="22" count="1" type="stmt"/>
        <line num="26" count="5" type="cond" truecount="2" falsecount="0"/>
        <line num="27" count="3" type="stmt"/>
        <line num="29" count="2" type="stmt"/>
      </file>
      <file name="index.ts" path="D:\Development\Repos\event-sourcerer\packages\lib\event-sourcerer\src\types\implementation\index.ts">
        <metrics statements="0" coveredstatements="0" conditionals="0" coveredconditionals="0" methods="0" coveredmethods="0"/>
      </file>
    </package>
    <package name="mutex.src">
      <metrics statements="10" coveredstatements="10" conditionals="1" coveredconditionals="1" methods="3" coveredmethods="3"/>
      <file name="Mutex.class.ts" path="D:\Development\Repos\event-sourcerer\packages\lib\mutex\src\Mutex.class.ts">
        <metrics statements="10" coveredstatements="10" conditionals="1" coveredconditionals="1" methods="3" coveredmethods="3"/>
        <line num="5" count="3" type="cond" truecount="1" falsecount="0"/>
        <line num="6" count="3" type="stmt"/>
        <line num="15" count="6" type="stmt"/>
        <line num="16" count="10" type="stmt"/>
        <line num="17" count="10" type="stmt"/>
        <line num="18" count="10" type="stmt"/>
        <line num="19" count="10" type="stmt"/>
        <line num="20" count="10" type="stmt"/>
        <line num="21" count="8" type="stmt"/>
        <line num="23" count="10" type="stmt"/>
      </file>
      <file name="index.ts" path="D:\Development\Repos\event-sourcerer\packages\lib\mutex\src\index.ts">
        <metrics statements="0" coveredstatements="0" conditionals="0" coveredconditionals="0" methods="0" coveredmethods="0"/>
      </file>
    </package>
  </project>
</coverage>
