{"D:\\Development\\Repos\\event-sourcerer\\packages\\lib\\event-sourcerer\\src\\EventSourcerer.class.ts": {"path":"D:\\Development\\Repos\\event-sourcerer\\packages\\lib\\event-sourcerer\\src\\EventSourcerer.class.ts","statementMap":{"0":{"start":{"line":5,"column":24},"end":{"line":5,"column":66}},"1":{"start":{"line":6,"column":22},"end":{"line":6,"column":null}},"2":{"start":{"line":7,"column":8},"end":{"line":7,"column":null}},"3":{"start":{"line":8,"column":8},"end":{"line":8,"column":null}},"4":{"start":{"line":9,"column":8},"end":{"line":9,"column":null}},"5":{"start":{"line":13,"column":8},"end":{"line":13,"column":null}},"6":{"start":{"line":17,"column":8},"end":{"line":17,"column":null}},"7":{"start":{"line":22,"column":8},"end":{"line":22,"column":null}},"8":{"start":{"line":27,"column":8},"end":{"line":27,"column":null}},"9":{"start":{"line":32,"column":8},"end":{"line":32,"column":null}}},"fnMap":{"0":{"name":"(anonymous_0)","decl":{"start":{"line":5,"column":4},"end":{"line":5,"column":16}},"loc":{"start":{"line":5,"column":94},"end":{"line":10,"column":null}},"line":5},"1":{"name":"(anonymous_1)","decl":{"start":{"line":12,"column":10},"end":{"line":12,"column":19}},"loc":{"start":{"line":12,"column":74},"end":{"line":14,"column":null}},"line":12},"2":{"name":"(anonymous_2)","decl":{"start":{"line":16,"column":10},"end":{"line":16,"column":22}},"loc":{"start":{"line":16,"column":51},"end":{"line":18,"column":null}},"line":16},"3":{"name":"(anonymous_3)","decl":{"start":{"line":20,"column":10},"end":{"line":20,"column":30}},"loc":{"start":{"line":20,"column":116},"end":{"line":23,"column":null}},"line":20},"4":{"name":"(anonymous_4)","decl":{"start":{"line":25,"column":10},"end":{"line":25,"column":33}},"loc":{"start":{"line":25,"column":119},"end":{"line":28,"column":null}},"line":25},"5":{"name":"(anonymous_5)","decl":{"start":{"line":30,"column":10},"end":{"line":30,"column":19}},"loc":{"start":{"line":30,"column":36},"end":{"line":33,"column":null}},"line":30}},"branchMap":{"0":{"loc":{"start":{"line":5,"column":16},"end":{"line":5,"column":94}},"type":"default-arg","locations":[{"start":{"line":5,"column":66},"end":{"line":5,"column":94}}],"line":5}},"s":{"0":1,"1":1,"2":1,"3":1,"4":1,"5":2,"6":2,"7":0,"8":0,"9":0},"f":{"0":1,"1":2,"2":2,"3":0,"4":0,"5":0},"b":{"0":[1]},"meta":{"lastBranch":1,"lastFunction":6,"lastStatement":10,"seen":{"f:5:4:5:16":0,"b:5:66:5:94":0,"s:5:24:5:66":0,"s:6:22:6:Infinity":1,"s:7:8:7:Infinity":2,"s:8:8:8:Infinity":3,"s:9:8:9:Infinity":4,"f:12:10:12:19":1,"s:13:8:13:Infinity":5,"f:16:10:16:22":2,"s:17:8:17:Infinity":6,"f:20:10:20:30":3,"s:22:8:22:Infinity":7,"f:25:10:25:33":4,"s:27:8:27:Infinity":8,"f:30:10:30:19":5,"s:32:8:32:Infinity":9}}}
,"D:\\Development\\Repos\\event-sourcerer\\packages\\lib\\event-sourcerer\\src\\index.ts": {"path":"D:\\Development\\Repos\\event-sourcerer\\packages\\lib\\event-sourcerer\\src\\index.ts","statementMap":{},"fnMap":{},"branchMap":{},"s":{},"f":{},"b":{},"meta":{"lastBranch":0,"lastFunction":0,"lastStatement":0,"seen":{}}}
,"D:\\Development\\Repos\\event-sourcerer\\packages\\lib\\event-sourcerer\\src\\errors\\EventSourcererError.error.ts": {"path":"D:\\Development\\Repos\\event-sourcerer\\packages\\lib\\event-sourcerer\\src\\errors\\EventSourcererError.error.ts","statementMap":{},"fnMap":{},"branchMap":{},"s":{},"f":{},"b":{},"meta":{"lastBranch":0,"lastFunction":0,"lastStatement":0,"seen":{}}}
,"D:\\Development\\Repos\\event-sourcerer\\packages\\lib\\event-sourcerer\\src\\errors\\EventSourcererErrorEventAlreadyExists.error.ts": {"path":"D:\\Development\\Repos\\event-sourcerer\\packages\\lib\\event-sourcerer\\src\\errors\\EventSourcererErrorEventAlreadyExists.error.ts","statementMap":{},"fnMap":{},"branchMap":{},"s":{},"f":{},"b":{},"meta":{"lastBranch":0,"lastFunction":0,"lastStatement":0,"seen":{}}}
,"D:\\Development\\Repos\\event-sourcerer\\packages\\lib\\event-sourcerer\\src\\errors\\EventSourcererErrorEventNotFound.error.ts": {"path":"D:\\Development\\Repos\\event-sourcerer\\packages\\lib\\event-sourcerer\\src\\errors\\EventSourcererErrorEventNotFound.error.ts","statementMap":{},"fnMap":{},"branchMap":{},"s":{},"f":{},"b":{},"meta":{"lastBranch":0,"lastFunction":0,"lastStatement":0,"seen":{}}}
,"D:\\Development\\Repos\\event-sourcerer\\packages\\lib\\event-sourcerer\\src\\errors\\EventSourcererErrorNotFound.error.ts": {"path":"D:\\Development\\Repos\\event-sourcerer\\packages\\lib\\event-sourcerer\\src\\errors\\EventSourcererErrorNotFound.error.ts","statementMap":{},"fnMap":{},"branchMap":{},"s":{},"f":{},"b":{},"meta":{"lastBranch":0,"lastFunction":0,"lastStatement":0,"seen":{}}}
,"D:\\Development\\Repos\\event-sourcerer\\packages\\lib\\event-sourcerer\\src\\errors\\index.ts": {"path":"D:\\Development\\Repos\\event-sourcerer\\packages\\lib\\event-sourcerer\\src\\errors\\index.ts","statementMap":{},"fnMap":{},"branchMap":{},"s":{},"f":{},"b":{},"meta":{"lastBranch":0,"lastFunction":0,"lastStatement":0,"seen":{}}}
,"D:\\Development\\Repos\\event-sourcerer\\packages\\lib\\event-sourcerer\\src\\types\\Event.type.ts": {"path":"D:\\Development\\Repos\\event-sourcerer\\packages\\lib\\event-sourcerer\\src\\types\\Event.type.ts","statementMap":{},"fnMap":{},"branchMap":{},"s":{},"f":{},"b":{},"meta":{"lastBranch":0,"lastFunction":0,"lastStatement":0,"seen":{}}}
,"D:\\Development\\Repos\\event-sourcerer\\packages\\lib\\event-sourcerer\\src\\types\\EventChain.abstract.ts": {"path":"D:\\Development\\Repos\\event-sourcerer\\packages\\lib\\event-sourcerer\\src\\types\\EventChain.abstract.ts","statementMap":{"0":{"start":{"line":6,"column":22},"end":{"line":6,"column":null}},"1":{"start":{"line":7,"column":8},"end":{"line":7,"column":null}},"2":{"start":{"line":8,"column":8},"end":{"line":8,"column":null}},"3":{"start":{"line":16,"column":8},"end":{"line":18,"column":null}},"4":{"start":{"line":17,"column":12},"end":{"line":17,"column":null}}},"fnMap":{"0":{"name":"(anonymous_0)","decl":{"start":{"line":5,"column":4},"end":{"line":5,"column":18}},"loc":{"start":{"line":5,"column":18},"end":{"line":9,"column":null}},"line":5},"1":{"name":"(anonymous_1)","decl":{"start":{"line":15,"column":17},"end":{"line":15,"column":22}},"loc":{"start":{"line":15,"column":83},"end":{"line":19,"column":null}},"line":15}},"branchMap":{},"s":{"0":1,"1":1,"2":1,"3":1,"4":2},"f":{"0":1,"1":1},"b":{},"meta":{"lastBranch":0,"lastFunction":2,"lastStatement":5,"seen":{"f:5:4:5:18":0,"s:6:22:6:Infinity":0,"s:7:8:7:Infinity":1,"s:8:8:8:Infinity":2,"f:15:17:15:22":1,"s:16:8:18:Infinity":3,"s:17:12:17:Infinity":4}}}
,"D:\\Development\\Repos\\event-sourcerer\\packages\\lib\\event-sourcerer\\src\\types\\EventType.type.ts": {"path":"D:\\Development\\Repos\\event-sourcerer\\packages\\lib\\event-sourcerer\\src\\types\\EventType.type.ts","statementMap":{},"fnMap":{},"branchMap":{},"s":{},"f":{},"b":{},"meta":{"lastBranch":0,"lastFunction":0,"lastStatement":0,"seen":{}}}
,"D:\\Development\\Repos\\event-sourcerer\\packages\\lib\\event-sourcerer\\src\\types\\EventTypeStore.abstract.ts": {"path":"D:\\Development\\Repos\\event-sourcerer\\packages\\lib\\event-sourcerer\\src\\types\\EventTypeStore.abstract.ts","statementMap":{},"fnMap":{},"branchMap":{},"s":{},"f":{},"b":{},"meta":{"lastBranch":0,"lastFunction":0,"lastStatement":0,"seen":{}}}
,"D:\\Development\\Repos\\event-sourcerer\\packages\\lib\\event-sourcerer\\src\\types\\index.ts": {"path":"D:\\Development\\Repos\\event-sourcerer\\packages\\lib\\event-sourcerer\\src\\types\\index.ts","statementMap":{},"fnMap":{},"branchMap":{},"s":{},"f":{},"b":{},"meta":{"lastBranch":0,"lastFunction":0,"lastStatement":0,"seen":{}}}
,"D:\\Development\\Repos\\event-sourcerer\\packages\\lib\\event-sourcerer\\src\\types\\implementation\\EventChainInMemory.class.ts": {"path":"D:\\Development\\Repos\\event-sourcerer\\packages\\lib\\event-sourcerer\\src\\types\\implementation\\EventChainInMemory.class.ts","statementMap":{"0":{"start":{"line":5,"column":32},"end":{"line":5,"column":null}},"1":{"start":{"line":8,"column":8},"end":{"line":8,"column":null}},"2":{"start":{"line":12,"column":8},"end":{"line":12,"column":null}}},"fnMap":{"0":{"name":"(anonymous_0)","decl":{"start":{"line":7,"column":10},"end":{"line":7,"column":17}},"loc":{"start":{"line":7,"column":47},"end":{"line":9,"column":null}},"line":7},"1":{"name":"(anonymous_1)","decl":{"start":{"line":11,"column":10},"end":{"line":11,"column":44}},"loc":{"start":{"line":11,"column":44},"end":{"line":13,"column":null}},"line":11}},"branchMap":{},"s":{"0":1,"1":2,"2":2},"f":{"0":2,"1":2},"b":{},"meta":{"lastBranch":0,"lastFunction":2,"lastStatement":3,"seen":{"s:5:32:5:Infinity":0,"f:7:10:7:17":0,"s:8:8:8:Infinity":1,"f:11:10:11:44":1,"s:12:8:12:Infinity":2}}}
,"D:\\Development\\Repos\\event-sourcerer\\packages\\lib\\event-sourcerer\\src\\types\\implementation\\EventTypeStoreInMemory.class.ts": {"path":"D:\\Development\\Repos\\event-sourcerer\\packages\\lib\\event-sourcerer\\src\\types\\implementation\\EventTypeStoreInMemory.class.ts","statementMap":{"0":{"start":{"line":6,"column":47},"end":{"line":6,"column":null}},"1":{"start":{"line":9,"column":8},"end":{"line":11,"column":null}},"2":{"start":{"line":10,"column":12},"end":{"line":10,"column":null}},"3":{"start":{"line":12,"column":8},"end":{"line":12,"column":null}},"4":{"start":{"line":15,"column":8},"end":{"line":15,"column":null}},"5":{"start":{"line":19,"column":8},"end":{"line":21,"column":null}},"6":{"start":{"line":20,"column":12},"end":{"line":20,"column":null}},"7":{"start":{"line":22,"column":8},"end":{"line":22,"column":null}},"8":{"start":{"line":26,"column":8},"end":{"line":28,"column":null}},"9":{"start":{"line":27,"column":12},"end":{"line":27,"column":null}},"10":{"start":{"line":29,"column":8},"end":{"line":29,"column":null}}},"fnMap":{"0":{"name":"(anonymous_0)","decl":{"start":{"line":8,"column":10},"end":{"line":8,"column":23}},"loc":{"start":{"line":8,"column":76},"end":{"line":13,"column":null}},"line":8},"1":{"name":"(anonymous_1)","decl":{"start":{"line":14,"column":10},"end":{"line":14,"column":23}},"loc":{"start":{"line":14,"column":74},"end":{"line":16,"column":null}},"line":14},"2":{"name":"(anonymous_2)","decl":{"start":{"line":18,"column":10},"end":{"line":18,"column":26}},"loc":{"start":{"line":18,"column":79},"end":{"line":23,"column":null}},"line":18},"3":{"name":"(anonymous_3)","decl":{"start":{"line":25,"column":10},"end":{"line":25,"column":26}},"loc":{"start":{"line":25,"column":60},"end":{"line":30,"column":null}},"line":25}},"branchMap":{"0":{"loc":{"start":{"line":9,"column":8},"end":{"line":11,"column":null}},"type":"if","locations":[{"start":{"line":9,"column":8},"end":{"line":11,"column":null}},{"start":{},"end":{}}],"line":9},"1":{"loc":{"start":{"line":19,"column":8},"end":{"line":21,"column":null}},"type":"if","locations":[{"start":{"line":19,"column":8},"end":{"line":21,"column":null}},{"start":{},"end":{}}],"line":19},"2":{"loc":{"start":{"line":26,"column":8},"end":{"line":28,"column":null}},"type":"if","locations":[{"start":{"line":26,"column":8},"end":{"line":28,"column":null}},{"start":{},"end":{}}],"line":26}},"s":{"0":2,"1":4,"2":2,"3":2,"4":1,"5":2,"6":1,"7":1,"8":5,"9":3,"10":2},"f":{"0":4,"1":1,"2":2,"3":5},"b":{"0":[2,2],"1":[1,1],"2":[3,2]},"meta":{"lastBranch":3,"lastFunction":4,"lastStatement":11,"seen":{"s:6:47:6:Infinity":0,"f:8:10:8:23":0,"b:9:8:11:Infinity:undefined:undefined:undefined:undefined":0,"s:9:8:11:Infinity":1,"s:10:12:10:Infinity":2,"s:12:8:12:Infinity":3,"f:14:10:14:23":1,"s:15:8:15:Infinity":4,"f:18:10:18:26":2,"b:19:8:21:Infinity:undefined:undefined:undefined:undefined":1,"s:19:8:21:Infinity":5,"s:20:12:20:Infinity":6,"s:22:8:22:Infinity":7,"f:25:10:25:26":3,"b:26:8:28:Infinity:undefined:undefined:undefined:undefined":2,"s:26:8:28:Infinity":8,"s:27:12:27:Infinity":9,"s:29:8:29:Infinity":10}}}
,"D:\\Development\\Repos\\event-sourcerer\\packages\\lib\\event-sourcerer\\src\\types\\implementation\\index.ts": {"path":"D:\\Development\\Repos\\event-sourcerer\\packages\\lib\\event-sourcerer\\src\\types\\implementation\\index.ts","statementMap":{},"fnMap":{},"branchMap":{},"s":{},"f":{},"b":{},"meta":{"lastBranch":0,"lastFunction":0,"lastStatement":0,"seen":{}}}
,"D:\\Development\\Repos\\event-sourcerer\\packages\\lib\\mutex\\src\\Mutex.class.ts": {"path":"D:\\Development\\Repos\\event-sourcerer\\packages\\lib\\mutex\\src\\Mutex.class.ts","statementMap":{"0":{"start":{"line":5,"column":24},"end":{"line":5,"column":67}},"1":{"start":{"line":6,"column":8},"end":{"line":6,"column":null}},"2":{"start":{"line":15,"column":8},"end":{"line":25,"column":null}},"3":{"start":{"line":16,"column":33},"end":{"line":16,"column":null}},"4":{"start":{"line":17,"column":32},"end":{"line":17,"column":null}},"5":{"start":{"line":18,"column":12},"end":{"line":18,"column":null}},"6":{"start":{"line":19,"column":12},"end":{"line":24,"column":null}},"7":{"start":{"line":20,"column":31},"end":{"line":20,"column":null}},"8":{"start":{"line":21,"column":16},"end":{"line":21,"column":null}},"9":{"start":{"line":23,"column":16},"end":{"line":23,"column":null}}},"fnMap":{"0":{"name":"(anonymous_0)","decl":{"start":{"line":5,"column":4},"end":{"line":5,"column":16}},"loc":{"start":{"line":5,"column":98},"end":{"line":7,"column":null}},"line":5},"1":{"name":"(anonymous_1)","decl":{"start":{"line":14,"column":4},"end":{"line":14,"column":82}},"loc":{"start":{"line":14,"column":92},"end":{"line":26,"column":null}},"line":14},"2":{"name":"(anonymous_2)","decl":{"start":{"line":15,"column":16},"end":{"line":15,"column":23}},"loc":{"start":{"line":15,"column":85},"end":{"line":25,"column":null}},"line":15}},"branchMap":{"0":{"loc":{"start":{"line":5,"column":16},"end":{"line":5,"column":98}},"type":"default-arg","locations":[{"start":{"line":5,"column":67},"end":{"line":5,"column":98}}],"line":5}},"s":{"0":3,"1":3,"2":6,"3":10,"4":10,"5":10,"6":10,"7":10,"8":8,"9":10},"f":{"0":3,"1":6,"2":10},"b":{"0":[3]},"meta":{"lastBranch":1,"lastFunction":3,"lastStatement":10,"seen":{"f:5:4:5:16":0,"b:5:67:5:98":0,"s:5:24:5:67":0,"s:6:8:6:Infinity":1,"f:14:4:14:82":1,"s:15:8:25:Infinity":2,"f:15:16:15:23":2,"s:16:33:16:Infinity":3,"s:17:32:17:Infinity":4,"s:18:12:18:Infinity":5,"s:19:12:24:Infinity":6,"s:20:31:20:Infinity":7,"s:21:16:21:Infinity":8,"s:23:16:23:Infinity":9}}}
,"D:\\Development\\Repos\\event-sourcerer\\packages\\lib\\mutex\\src\\index.ts": {"path":"D:\\Development\\Repos\\event-sourcerer\\packages\\lib\\mutex\\src\\index.ts","statementMap":{},"fnMap":{},"branchMap":{},"s":{},"f":{},"b":{},"meta":{"lastBranch":0,"lastFunction":0,"lastStatement":0,"seen":{}}}
}
